d:\colorspaceconverter\colorspaceconverter\debug\vc141.pdb
d:\colorspaceconverter\colorspaceconverter\debug\vc141.idb
d:\colorspaceconverter\colorspaceconverter\debug\pq.obj
d:\colorspaceconverter\colorspaceconverter\debug\matrix_3x3.obj
d:\colorspaceconverter\colorspaceconverter\debug\main.obj
d:\colorspaceconverter\colorspaceconverter\debug\identity.obj
d:\colorspaceconverter\colorspaceconverter\debug\hlg.obj
d:\colorspaceconverter\colorspaceconverter\debug\colorspacetriplet.obj
d:\colorspaceconverter\colorspaceconverter\debug\colorspaceconverter.obj
d:\colorspaceconverter\colorspaceconverter\debug\colorspace.obj
d:\colorspaceconverter\colorspaceconverter\debug\bt709.obj
d:\colorspaceconverter\colorspaceconverter\debug\bt601.obj
d:\colorspaceconverter\colorspaceconverter\debug\bt2020.obj
d:\colorspaceconverter\debug\colorspaceconverter.ilk
d:\colorspaceconverter\debug\colorspaceconverter.exe
d:\colorspaceconverter\debug\colorspaceconverter.pdb
d:\colorspaceconverter\colorspaceconverter\debug\colorspa.9cdb692d.tlog\cl.command.1.tlog
d:\colorspaceconverter\colorspaceconverter\debug\colorspa.9cdb692d.tlog\cl.read.1.tlog
d:\colorspaceconverter\colorspaceconverter\debug\colorspa.9cdb692d.tlog\cl.write.1.tlog
d:\colorspaceconverter\colorspaceconverter\debug\colorspa.9cdb692d.tlog\link.command.1.tlog
d:\colorspaceconverter\colorspaceconverter\debug\colorspa.9cdb692d.tlog\link.read.1.tlog
d:\colorspaceconverter\colorspaceconverter\debug\colorspa.9cdb692d.tlog\link.write.1.tlog
